<?xml version="1.0" encoding="UTF-8"?>
<testsuite xmlns:xsi="http://www.w3.org/2001/XMLSchema-instance" xsi:noNamespaceSchemaLocation="https://maven.apache.org/surefire/maven-surefire-plugin/xsd/surefire-test-report-3.0.xsd" version="3.0" name="student_crud_operations.dao.StudentDaoTest" time="3.07" tests="7" errors="0" skipped="0" failures="0">
  <properties>
[...]
</properties>
  <testcase name="testSaveStudent_Success" classname="student_crud_operations.dao.StudentDaoTest" time="2.761">
    <system-out><![CDATA[HTTP Status Code: 200
]]></system-out>
  </testcase>
  <testcase name="testGetStudentByAdmissionID_Success" classname="student_crud_operations.dao.StudentDaoTest" time="0.013"/>
  <testcase name="testGetStudentByAdmissionID_NotFound" classname="student_crud_operations.dao.StudentDaoTest" time="0.002"/>
  <testcase name="testDeleteStudentById_Success" classname="student_crud_operations.dao.StudentDaoTest" time="0.048"/>
  <testcase name="testUpdateStudent_Exception" classname="student_crud_operations.dao.StudentDaoTest" time="0.034"/>
  <testcase name="testDeleteStudentById_Exception" classname="student_crud_operations.dao.StudentDaoTest" time="0.019">
    <system-out><![CDATA[Item with ID ADM002 does not exist or condition failed.
]]></system-out>
  </testcase>
  <testcase name="testUpdateStudent_Success" classname="student_crud_operations.dao.StudentDaoTest" time="0.009"/>
</testsuite>